<?xml version="1.0" encoding="UTF-8"?>
<!-- Generated by org.testng.reporters.JUnitReportReporter -->
<testsuite hostname="Pavi-Maddy" failures="0" tests="3" name="xemo.Tests.Testcaseactual" time="23.215" errors="0" timestamp="2023-10-05T15:16:10 IST" skipped="0">
  <testcase classname="xemo.Tests.Testcaseactual" name="finaltest" time="8.137"/>
  <testcase classname="xemo.Tests.Testcaseactual" name="orderhistory" time="3.320"/>
  <testcase classname="xemo.Tests.Testcaseactual" name="finaltest" time="11.758"/>
</testsuite> <!-- xemo.Tests.Testcaseactual -->
