<?xml version="1.0" encoding="UTF-8"?>
<!-- Generated by org.testng.reporters.JUnitReportReporter -->
<testsuite hostname="Pavi-Maddy" failures="0" tests="2" name="xemo.Testcomponents.errorvalidations" time="11.099" errors="0" timestamp="2023-10-02T11:18:07 IST" skipped="0">
  <testcase classname="xemo.Testcomponents.errorvalidations" name="errorcatching" time="6.048"/>
  <testcase classname="xemo.Testcomponents.errorvalidations" name="errorcatch" time="5.051"/>
</testsuite> <!-- xemo.Testcomponents.errorvalidations -->
