<?xml version="1.0" encoding="UTF-8"?>
<!-- Generated by org.testng.reporters.JUnitReportReporter -->
<testsuite hostname="Pavi-Maddy" failures="0" tests="2" name="xemo.Tests.errorvalidations" time="23.967" errors="0" timestamp="2023-10-05T17:04:47 IST" skipped="0">
  <testcase classname="xemo.Tests.errorvalidations" name="errorcatch" time="16.052"/>
  <testcase classname="xemo.Tests.errorvalidations" name="errorcatching" time="7.915"/>
</testsuite> <!-- xemo.Tests.errorvalidations -->
