<?xml version="1.0" encoding="UTF-8"?>
<!-- Generated by org.testng.reporters.JUnitReportReporter -->
<testsuite hostname="Pavi-Maddy" failures="0" tests="3" name="xemo.Tests.Testcaseactual" time="37.225" errors="0" timestamp="2023-10-05T17:04:47 IST" skipped="0">
  <testcase classname="xemo.Tests.Testcaseactual" name="finaltest" time="11.597"/>
  <testcase classname="xemo.Tests.Testcaseactual" name="finaltest" time="10.040"/>
  <testcase classname="xemo.Tests.Testcaseactual" name="orderhistory" time="15.588"/>
</testsuite> <!-- xemo.Tests.Testcaseactual -->
